time=2025-10-30T05:31:00.787Z level=INFO msg="Monaco version 2.26.1"
time=2025-10-30T05:31:00.787Z level=INFO msg="Loading manifest \"manifest.yaml\". Restrictions: groups=[], environments=[\"my-dt-env\"]" manifestPath=manifest.yaml
time=2025-10-30T05:31:01.012Z level=WARN msg="classic config endpoint \"anomaly-detection-services\" is deprecated by \"builtin:anomaly-detection.services\""
time=2025-10-30T05:31:01.012Z level=WARN msg="classic config endpoint \"notification\" is deprecated by \"builtin:problem.notifications\""
time=2025-10-30T05:31:01.012Z level=WARN msg="classic config endpoint \"auto-tag\" is deprecated by \"builtin:tags.auto-tagging\""
time=2025-10-30T05:31:01.012Z level=WARN msg="classic config endpoint \"alerting-profile\" is deprecated by \"builtin:alerting.profile\""
time=2025-10-30T05:31:01.012Z level=WARN msg="classic config endpoint \"anomaly-detection-metrics\" is deprecated by \"builtin:anomaly-detection.metric-events\""
time=2025-10-30T05:31:01.012Z level=WARN msg="classic config endpoint \"management-zone\" is deprecated by \"builtin:management-zones\""
time=2025-10-30T05:31:01.012Z level=INFO msg="Downloading from environment 'https://odg17023.live.dynatrace.com' into project 'project_my-dt-env'"
time=2025-10-30T05:31:01.012Z level=WARN msg="classic config endpoint \"anomaly-detection-metrics\" is deprecated by \"builtin:anomaly-detection.metric-events\""
time=2025-10-30T05:31:01.012Z level=WARN msg="classic config endpoint \"anomaly-detection-services\" is deprecated by \"builtin:anomaly-detection.services\""
time=2025-10-30T05:31:01.012Z level=WARN msg="classic config endpoint \"auto-tag\" is deprecated by \"builtin:tags.auto-tagging\""
time=2025-10-30T05:31:01.012Z level=WARN msg="classic config endpoint \"notification\" is deprecated by \"builtin:problem.notifications\""
time=2025-10-30T05:31:01.012Z level=WARN msg="classic config endpoint \"alerting-profile\" is deprecated by \"builtin:alerting.profile\""
time=2025-10-30T05:31:01.012Z level=WARN msg="classic config endpoint \"management-zone\" is deprecated by \"builtin:management-zones\""
time=2025-10-30T05:31:01.012Z level=INFO msg="Downloading configuration objects"
time=2025-10-30T05:31:01.870Z level=INFO msg="Resolving dependencies between configurations"
time=2025-10-30T05:31:01.873Z level=INFO msg="Extracting additional identifiers into YAML parameters"
time=2025-10-30T05:31:01.880Z level=INFO msg="Downloaded configurations written to 'projects'" outputFolder=projects
time=2025-10-30T05:31:01.880Z level=INFO msg="Searching for circular dependencies"
time=2025-10-30T05:31:01.880Z level=INFO msg="No circular dependencies found"
time=2025-10-30T05:31:01.880Z level=INFO msg="Finished download"
