time=2025-10-30T12:18:14.541Z level=INFO msg="Monaco version 2.26.1"
time=2025-10-30T12:18:14.541Z level=INFO msg="Loading manifest \"/home/terraform17/monaco-project/projects/manifest.yaml\". Restrictions: groups=[], environments=[]" manifestPath=/home/terraform17/monaco-project/projects/manifest.yaml
time=2025-10-30T12:18:14.573Z level=INFO msg="Projects to be deployed (1):"
time=2025-10-30T12:18:14.573Z level=INFO msg="  - project_my-dt-env"
time=2025-10-30T12:18:14.574Z level=INFO msg="Environments to deploy to (1):"
time=2025-10-30T12:18:14.574Z level=INFO msg="  - project_my-dt-env"
time=2025-10-30T12:18:14.574Z level=WARN msg="API 'anomaly-detection-services' is deprecated. Please migrate to 'builtin:anomaly-detection.services'."
time=2025-10-30T12:18:14.574Z level=WARN msg="API 'auto-tag' is deprecated. Please migrate to 'builtin:tags.auto-tagging'."
time=2025-10-30T12:18:14.574Z level=WARN msg="API 'management-zone' is deprecated. Please migrate to 'builtin:management-zones'."
time=2025-10-30T12:18:14.574Z level=WARN msg="API 'notification' is deprecated. Please migrate to 'builtin:problem.notifications'."
time=2025-10-30T12:18:14.574Z level=WARN msg="API 'alerting-profile' is deprecated. Please migrate to 'builtin:alerting.profile'."
time=2025-10-30T12:18:14.574Z level=WARN msg="API 'anomaly-detection-metrics' is deprecated. Please migrate to 'builtin:anomaly-detection.metric-events'."
time=2025-10-30T12:18:14.612Z level=INFO msg="Deploying configurations to environment \"project_my-dt-env\"..." environment.name=project_my-dt-env environment.group=default
time=2025-10-30T12:18:14.612Z level=INFO msg="Deploying 12 independent configuration sets in parallel..." environment.name=project_my-dt-env environment.group=default
time=2025-10-30T12:18:14.612Z level=INFO msg="Deploying config" deploymentStatus=deploying environment.name=project_my-dt-env environment.group=default coordinate.reference=project_my-dt-env:alerting-profile:alerting-profile-default coordinate.project=project_my-dt-env coordinate.type=alerting-profile coordinate.configId=alerting-profile-default gid=2
time=2025-10-30T12:18:14.612Z level=INFO msg="Deploying config" deploymentStatus=deploying environment.name=project_my-dt-env environment.group=default coordinate.reference=project_my-dt-env:auto-tag:auto-tag-product coordinate.project=project_my-dt-env coordinate.type=auto-tag coordinate.configId=auto-tag-product gid=3
time=2025-10-30T12:18:14.612Z level=INFO msg="Deploying config" deploymentStatus=deploying environment.name=project_my-dt-env environment.group=default coordinate.reference=project_my-dt-env:alerting-profile:alert_pf_prodops coordinate.project=project_my-dt-env coordinate.type=alerting-profile coordinate.configId=alert_pf_prodops gid=11
time=2025-10-30T12:18:14.613Z level=INFO msg="Deploying config" deploymentStatus=deploying environment.name=project_my-dt-env environment.group=default coordinate.reference=project_my-dt-env:alerting-profile:alert_pf_devops coordinate.project=project_my-dt-env coordinate.type=alerting-profile coordinate.configId=alert_pf_devops gid=4
time=2025-10-30T12:18:14.613Z level=INFO msg="Deploying config" deploymentStatus=deploying environment.name=project_my-dt-env environment.group=default coordinate.reference=project_my-dt-env:anomaly-detection-services:anomaly-detection-services coordinate.project=project_my-dt-env coordinate.type=anomaly-detection-services coordinate.configId=anomaly-detection-services gid=1
time=2025-10-30T12:18:14.613Z level=INFO msg="Deploying config" deploymentStatus=deploying environment.name=project_my-dt-env environment.group=default coordinate.reference=project_my-dt-env:auto-tag:auto-tag-environment coordinate.project=project_my-dt-env coordinate.type=auto-tag coordinate.configId=auto-tag-environment gid=5
time=2025-10-30T12:18:14.613Z level=INFO msg="Deploying config" deploymentStatus=deploying environment.name=project_my-dt-env environment.group=default coordinate.reference=project_my-dt-env:anomaly-detection-metrics:4db6704e-e36d-35e5-a342-12701de64eb5 coordinate.project=project_my-dt-env coordinate.type=anomaly-detection-metrics coordinate.configId=4db6704e-e36d-35e5-a342-12701de64eb5 gid=9
time=2025-10-30T12:18:14.614Z level=INFO msg="Deploying config" deploymentStatus=deploying environment.name=project_my-dt-env environment.group=default coordinate.reference=project_my-dt-env:management-zone:8848181883292300333 coordinate.project=project_my-dt-env coordinate.type=management-zone coordinate.configId=8848181883292300333 gid=6
time=2025-10-30T12:18:14.616Z level=INFO msg="Deploying config" deploymentStatus=deploying environment.name=project_my-dt-env environment.group=default coordinate.reference=project_my-dt-env:auto-tag:auto-tag-client coordinate.project=project_my-dt-env coordinate.type=auto-tag coordinate.configId=auto-tag-client gid=10
time=2025-10-30T12:18:14.613Z level=INFO msg="Deploying config" deploymentStatus=deploying environment.name=project_my-dt-env environment.group=default coordinate.reference=project_my-dt-env:management-zone:286058344346890585 coordinate.project=project_my-dt-env coordinate.type=management-zone coordinate.configId=286058344346890585 gid=0
time=2025-10-30T12:18:14.615Z level=INFO msg="Deploying config" deploymentStatus=deploying environment.name=project_my-dt-env environment.group=default coordinate.reference=project_my-dt-env:auto-tag:auto-tag-team-name coordinate.project=project_my-dt-env coordinate.type=auto-tag coordinate.configId=auto-tag-team-name gid=7
time=2025-10-30T12:18:14.616Z level=INFO msg="Deploying config" deploymentStatus=deploying environment.name=project_my-dt-env environment.group=default coordinate.reference=project_my-dt-env:alerting-profile:alerting-profile-default-active coordinate.project=project_my-dt-env coordinate.type=alerting-profile coordinate.configId=alerting-profile-default-active gid=8
time=2025-10-30T12:18:14.621Z level=WARN msg="2 \"alerting-profile\" entities with name \"production_ops\" exist - monaco will create a new entity with known UUID \"470efd86-f5c5-30d4-a39e-cc5533a6d782\" to allow automated updates\n\tYou may have to manually remove pre-existing configuration if this duplicates manually created configuration, and if possible consider giving your configurations unique names.\n\tPre-existing \"alerting-profile\" configurations with same name:\n\t- 54dbbff0-30f0-3390-a042-21346f037f98\n\t- d85d0ed1-894b-3300-ad90-111f0e253b03" environment.name=project_my-dt-env environment.group=default coordinate.reference=project_my-dt-env:alerting-profile:alert_pf_prodops coordinate.project=project_my-dt-env coordinate.type=alerting-profile coordinate.configId=alert_pf_prodops gid=11
time=2025-10-30T12:18:14.630Z level=WARN msg="2 \"alerting-profile\" entities with name \"devops\" exist - monaco will create a new entity with known UUID \"88a96a7f-5357-325b-bdd8-377511a196a0\" to allow automated updates\n\tYou may have to manually remove pre-existing configuration if this duplicates manually created configuration, and if possible consider giving your configurations unique names.\n\tPre-existing \"alerting-profile\" configurations with same name:\n\t- 5b166e0c-11de-3bcd-9767-8452708acdf1\n\t- a01d63d6-81b4-3b1e-9005-26bc575b14fb" environment.name=project_my-dt-env environment.group=default coordinate.reference=project_my-dt-env:alerting-profile:alert_pf_devops coordinate.project=project_my-dt-env coordinate.type=alerting-profile coordinate.configId=alert_pf_devops gid=4
time=2025-10-30T12:18:14.641Z level=INFO msg="Deployment successful" deploymentStatus=deployed environment.name=project_my-dt-env environment.group=default coordinate.reference=project_my-dt-env:auto-tag:auto-tag-product coordinate.project=project_my-dt-env coordinate.type=auto-tag coordinate.configId=auto-tag-product gid=3
time=2025-10-30T12:18:14.641Z level=INFO msg="Deployment successful" deploymentStatus=deployed environment.name=project_my-dt-env environment.group=default coordinate.reference=project_my-dt-env:anomaly-detection-services:anomaly-detection-services coordinate.project=project_my-dt-env coordinate.type=anomaly-detection-services coordinate.configId=anomaly-detection-services gid=1
time=2025-10-30T12:18:14.656Z level=INFO msg="Deployment successful" deploymentStatus=deployed environment.name=project_my-dt-env environment.group=default coordinate.reference=project_my-dt-env:management-zone:286058344346890585 coordinate.project=project_my-dt-env coordinate.type=management-zone coordinate.configId=286058344346890585 gid=0
time=2025-10-30T12:18:14.656Z level=INFO msg="Deploying config" deploymentStatus=deploying environment.name=project_my-dt-env environment.group=default coordinate.reference=project_my-dt-env:synthetic-monitor:HTTP_CHECK-CE8C6BD165DDC51C coordinate.project=project_my-dt-env coordinate.type=synthetic-monitor coordinate.configId=HTTP_CHECK-CE8C6BD165DDC51C gid=0
time=2025-10-30T12:18:14.658Z level=INFO msg="Deployment successful" deploymentStatus=deployed environment.name=project_my-dt-env environment.group=default coordinate.reference=project_my-dt-env:auto-tag:auto-tag-environment coordinate.project=project_my-dt-env coordinate.type=auto-tag coordinate.configId=auto-tag-environment gid=5
time=2025-10-30T12:18:14.660Z level=INFO msg="Deployment successful" deploymentStatus=deployed environment.name=project_my-dt-env environment.group=default coordinate.reference=project_my-dt-env:auto-tag:auto-tag-client coordinate.project=project_my-dt-env coordinate.type=auto-tag coordinate.configId=auto-tag-client gid=10
time=2025-10-30T12:18:14.669Z level=INFO msg="Deployment successful" deploymentStatus=deployed environment.name=project_my-dt-env environment.group=default coordinate.reference=project_my-dt-env:auto-tag:auto-tag-team-name coordinate.project=project_my-dt-env coordinate.type=auto-tag coordinate.configId=auto-tag-team-name gid=7
time=2025-10-30T12:18:14.685Z level=INFO msg="Deployment successful" deploymentStatus=deployed environment.name=project_my-dt-env environment.group=default coordinate.reference=project_my-dt-env:alerting-profile:alert_pf_prodops coordinate.project=project_my-dt-env coordinate.type=alerting-profile coordinate.configId=alert_pf_prodops gid=11
time=2025-10-30T12:18:14.685Z level=INFO msg="Deploying config" deploymentStatus=deploying environment.name=project_my-dt-env environment.group=default coordinate.reference=project_my-dt-env:notification:notification-production-support coordinate.project=project_my-dt-env coordinate.type=notification coordinate.configId=notification-production-support gid=11
time=2025-10-30T12:18:14.686Z level=INFO msg="Deployment successful" deploymentStatus=deployed environment.name=project_my-dt-env environment.group=default coordinate.reference=project_my-dt-env:alerting-profile:alert_pf_devops coordinate.project=project_my-dt-env coordinate.type=alerting-profile coordinate.configId=alert_pf_devops gid=4
time=2025-10-30T12:18:14.687Z level=INFO msg="Deployment successful" deploymentStatus=deployed environment.name=project_my-dt-env environment.group=default coordinate.reference=project_my-dt-env:management-zone:8848181883292300333 coordinate.project=project_my-dt-env coordinate.type=management-zone coordinate.configId=8848181883292300333 gid=6
time=2025-10-30T12:18:14.687Z level=INFO msg="Deploying config" deploymentStatus=deploying environment.name=project_my-dt-env environment.group=default coordinate.reference=project_my-dt-env:notification:notification-devops coordinate.project=project_my-dt-env coordinate.type=notification coordinate.configId=notification-devops gid=4
time=2025-10-30T12:18:14.687Z level=INFO msg="Deploying config" deploymentStatus=deploying environment.name=project_my-dt-env environment.group=default coordinate.reference=project_my-dt-env:synthetic-monitor:HTTP_CHECK-FE4D2BA69F003104 coordinate.project=project_my-dt-env coordinate.type=synthetic-monitor coordinate.configId=HTTP_CHECK-FE4D2BA69F003104 gid=6
time=2025-10-30T12:18:14.687Z level=INFO msg="Deployment successful" deploymentStatus=deployed environment.name=project_my-dt-env environment.group=default coordinate.reference=project_my-dt-env:alerting-profile:alerting-profile-default coordinate.project=project_my-dt-env coordinate.type=alerting-profile coordinate.configId=alerting-profile-default gid=2
time=2025-10-30T12:18:14.707Z level=INFO msg="Deployment successful" deploymentStatus=deployed environment.name=project_my-dt-env environment.group=default coordinate.reference=project_my-dt-env:alerting-profile:alerting-profile-default-active coordinate.project=project_my-dt-env coordinate.type=alerting-profile coordinate.configId=alerting-profile-default-active gid=8
time=2025-10-30T12:18:14.710Z level=INFO msg="Deployment successful" deploymentStatus=deployed environment.name=project_my-dt-env environment.group=default coordinate.reference=project_my-dt-env:anomaly-detection-metrics:4db6704e-e36d-35e5-a342-12701de64eb5 coordinate.project=project_my-dt-env coordinate.type=anomaly-detection-metrics coordinate.configId=4db6704e-e36d-35e5-a342-12701de64eb5 gid=9
time=2025-10-30T12:18:14.710Z level=INFO msg="Deployment successful" deploymentStatus=deployed environment.name=project_my-dt-env environment.group=default coordinate.reference=project_my-dt-env:notification:notification-devops coordinate.project=project_my-dt-env coordinate.type=notification coordinate.configId=notification-devops gid=4
time=2025-10-30T12:18:14.736Z level=INFO msg="Deployment successful" deploymentStatus=deployed environment.name=project_my-dt-env environment.group=default coordinate.reference=project_my-dt-env:notification:notification-production-support coordinate.project=project_my-dt-env coordinate.type=notification coordinate.configId=notification-production-support gid=11
time=2025-10-30T12:18:14.770Z level=INFO msg="Deployment successful" deploymentStatus=deployed environment.name=project_my-dt-env environment.group=default coordinate.reference=project_my-dt-env:synthetic-monitor:HTTP_CHECK-CE8C6BD165DDC51C coordinate.project=project_my-dt-env coordinate.type=synthetic-monitor coordinate.configId=HTTP_CHECK-CE8C6BD165DDC51C gid=0
time=2025-10-30T12:18:14.917Z level=INFO msg="Deployment successful" deploymentStatus=deployed environment.name=project_my-dt-env environment.group=default coordinate.reference=project_my-dt-env:synthetic-monitor:HTTP_CHECK-FE4D2BA69F003104 coordinate.project=project_my-dt-env coordinate.type=synthetic-monitor coordinate.configId=HTTP_CHECK-FE4D2BA69F003104 gid=6
time=2025-10-30T12:18:14.918Z level=INFO msg="Deployment successful for environment 'project_my-dt-env'" environment.group=default environment.name=project_my-dt-env environment.name=project_my-dt-env environment.group=default
time=2025-10-30T12:18:14.918Z level=INFO msg="Deployment finished without errors"
