time=2025-10-30T12:05:57.939Z level=INFO msg="Monaco version 2.26.1"
time=2025-10-30T12:05:57.939Z level=INFO msg="Loading manifest \"/home/terraform17/monaco-project/projects/manifest.yaml\". Restrictions: groups=[], environments=[]" manifestPath=/home/terraform17/monaco-project/projects/manifest.yaml
time=2025-10-30T12:05:57.942Z level=INFO msg="Projects to be deployed (1):"
time=2025-10-30T12:05:57.942Z level=INFO msg="  - project_my-dt-env"
time=2025-10-30T12:05:57.942Z level=INFO msg="Environments to deploy to (1):"
time=2025-10-30T12:05:57.942Z level=INFO msg="  - project_my-dt-env"
time=2025-10-30T12:05:57.943Z level=WARN msg="API 'auto-tag' is deprecated. Please migrate to 'builtin:tags.auto-tagging'."
time=2025-10-30T12:05:57.943Z level=WARN msg="API 'management-zone' is deprecated. Please migrate to 'builtin:management-zones'."
time=2025-10-30T12:05:57.943Z level=WARN msg="API 'notification' is deprecated. Please migrate to 'builtin:problem.notifications'."
time=2025-10-30T12:05:57.943Z level=WARN msg="API 'alerting-profile' is deprecated. Please migrate to 'builtin:alerting.profile'."
time=2025-10-30T12:05:57.943Z level=WARN msg="API 'anomaly-detection-metrics' is deprecated. Please migrate to 'builtin:anomaly-detection.metric-events'."
time=2025-10-30T12:05:57.943Z level=WARN msg="API 'anomaly-detection-services' is deprecated. Please migrate to 'builtin:anomaly-detection.services'."
time=2025-10-30T12:05:57.943Z level=WARN msg="Configuration \"project_my-dt-env:notification:notification-production-support\" references unknown configuration \"project_my-dt-env:alerting-profile:54dbbff0-30f0-3390-a042-21346f037f98\""
time=2025-10-30T12:05:57.943Z level=WARN msg="Configuration \"project_my-dt-env:notification:notification-devops\" references unknown configuration \"project_my-dt-env:alerting-profile:a01d63d6-81b4-3b1e-9005-26bc575b14fb\""
time=2025-10-30T12:05:57.944Z level=INFO msg="Deploying configurations to environment \"project_my-dt-env\"..." environment.name=project_my-dt-env environment.group=default
time=2025-10-30T12:05:57.944Z level=INFO msg="Deploying 14 independent configuration sets in parallel..." environment.name=project_my-dt-env environment.group=default
time=2025-10-30T12:05:57.944Z level=INFO msg="Deploying config" deploymentStatus=deploying environment.name=project_my-dt-env environment.group=default coordinate.reference=project_my-dt-env:auto-tag:auto-tag-environment coordinate.project=project_my-dt-env coordinate.type=auto-tag coordinate.configId=auto-tag-environment gid=6
time=2025-10-30T12:05:57.944Z level=INFO msg="Deployment successful" deploymentStatus=deployed environment.name=project_my-dt-env environment.group=default coordinate.reference=project_my-dt-env:auto-tag:auto-tag-environment coordinate.project=project_my-dt-env coordinate.type=auto-tag coordinate.configId=auto-tag-environment gid=6
time=2025-10-30T12:05:57.944Z level=INFO msg="Deploying config" deploymentStatus=deploying environment.name=project_my-dt-env environment.group=default coordinate.reference=project_my-dt-env:alerting-profile:alerting-profile-default coordinate.project=project_my-dt-env coordinate.type=alerting-profile coordinate.configId=alerting-profile-default gid=7
time=2025-10-30T12:05:57.944Z level=INFO msg="Deployment successful" deploymentStatus=deployed environment.name=project_my-dt-env environment.group=default coordinate.reference=project_my-dt-env:alerting-profile:alerting-profile-default coordinate.project=project_my-dt-env coordinate.type=alerting-profile coordinate.configId=alerting-profile-default gid=7
time=2025-10-30T12:05:57.944Z level=INFO msg="Deploying config" deploymentStatus=deploying environment.name=project_my-dt-env environment.group=default coordinate.reference=project_my-dt-env:management-zone:286058344346890585 coordinate.project=project_my-dt-env coordinate.type=management-zone coordinate.configId=286058344346890585 gid=0
time=2025-10-30T12:05:57.944Z level=INFO msg="Deployment successful" deploymentStatus=deployed environment.name=project_my-dt-env environment.group=default coordinate.reference=project_my-dt-env:management-zone:286058344346890585 coordinate.project=project_my-dt-env coordinate.type=management-zone coordinate.configId=286058344346890585 gid=0
time=2025-10-30T12:05:57.944Z level=ERROR msg="Invalid configuration - failed to resolve parameter values: parameter `alertingprofile__a01d63d681b43b1e900526bc575b14fb__id` cannot reference `project_my-dt-env:alerting-profile:a01d63d6-81b4-3b1e-9005-26bc575b14fb:id`: referenced config not found" error.type=config.ParamsRefErr error.details="parameter `alertingprofile__a01d63d681b43b1e900526bc575b14fb__id` cannot reference `project_my-dt-env:alerting-profile:a01d63d6-81b4-3b1e-9005-26bc575b14fb:id`: referenced config not found" deploymentStatus=failed environment.name=project_my-dt-env environment.group=default coordinate.reference=project_my-dt-env:notification:notification-devops coordinate.project=project_my-dt-env coordinate.type=notification coordinate.configId=notification-devops gid=8
time=2025-10-30T12:05:57.944Z level=INFO msg="Deploying config" deploymentStatus=deploying environment.name=project_my-dt-env environment.group=default coordinate.reference=project_my-dt-env:synthetic-monitor:HTTP_CHECK-CE8C6BD165DDC51C coordinate.project=project_my-dt-env coordinate.type=synthetic-monitor coordinate.configId=HTTP_CHECK-CE8C6BD165DDC51C gid=0
time=2025-10-30T12:05:57.945Z level=INFO msg="Deployment successful" deploymentStatus=deployed environment.name=project_my-dt-env environment.group=default coordinate.reference=project_my-dt-env:synthetic-monitor:HTTP_CHECK-CE8C6BD165DDC51C coordinate.project=project_my-dt-env coordinate.type=synthetic-monitor coordinate.configId=HTTP_CHECK-CE8C6BD165DDC51C gid=0
time=2025-10-30T12:05:57.945Z level=INFO msg="Deploying config" deploymentStatus=deploying environment.name=project_my-dt-env environment.group=default coordinate.reference=project_my-dt-env:auto-tag:auto-tag-client coordinate.project=project_my-dt-env coordinate.type=auto-tag coordinate.configId=auto-tag-client gid=9
time=2025-10-30T12:05:57.945Z level=INFO msg="Deployment successful" deploymentStatus=deployed environment.name=project_my-dt-env environment.group=default coordinate.reference=project_my-dt-env:auto-tag:auto-tag-client coordinate.project=project_my-dt-env coordinate.type=auto-tag coordinate.configId=auto-tag-client gid=9
time=2025-10-30T12:05:57.945Z level=ERROR msg="Invalid configuration - failed to resolve parameter values: parameter `alertingprofile__54dbbff030f03390a04221346f037f98__id` cannot reference `project_my-dt-env:alerting-profile:54dbbff0-30f0-3390-a042-21346f037f98:id`: referenced config not found" error.type=config.ParamsRefErr error.details="parameter `alertingprofile__54dbbff030f03390a04221346f037f98__id` cannot reference `project_my-dt-env:alerting-profile:54dbbff0-30f0-3390-a042-21346f037f98:id`: referenced config not found" deploymentStatus=failed environment.name=project_my-dt-env environment.group=default coordinate.reference=project_my-dt-env:notification:notification-production-support coordinate.project=project_my-dt-env coordinate.type=notification coordinate.configId=notification-production-support gid=1
time=2025-10-30T12:05:57.945Z level=INFO msg="Deploying config" deploymentStatus=deploying environment.name=project_my-dt-env environment.group=default coordinate.reference=project_my-dt-env:auto-tag:auto-tag-team-name coordinate.project=project_my-dt-env coordinate.type=auto-tag coordinate.configId=auto-tag-team-name gid=10
time=2025-10-30T12:05:57.945Z level=INFO msg="Deployment successful" deploymentStatus=deployed environment.name=project_my-dt-env environment.group=default coordinate.reference=project_my-dt-env:auto-tag:auto-tag-team-name coordinate.project=project_my-dt-env coordinate.type=auto-tag coordinate.configId=auto-tag-team-name gid=10
time=2025-10-30T12:05:57.945Z level=INFO msg="Deploying config" deploymentStatus=deploying environment.name=project_my-dt-env environment.group=default coordinate.reference=project_my-dt-env:alerting-profile:alerting-profile-production_ops coordinate.project=project_my-dt-env coordinate.type=alerting-profile coordinate.configId=alerting-profile-production_ops gid=2
time=2025-10-30T12:05:57.945Z level=INFO msg="Deployment successful" deploymentStatus=deployed environment.name=project_my-dt-env environment.group=default coordinate.reference=project_my-dt-env:alerting-profile:alerting-profile-production_ops coordinate.project=project_my-dt-env coordinate.type=alerting-profile coordinate.configId=alerting-profile-production_ops gid=2
time=2025-10-30T12:05:57.945Z level=INFO msg="Deploying config" deploymentStatus=deploying environment.name=project_my-dt-env environment.group=default coordinate.reference=project_my-dt-env:auto-tag:auto-tag-product coordinate.project=project_my-dt-env coordinate.type=auto-tag coordinate.configId=auto-tag-product gid=11
time=2025-10-30T12:05:57.945Z level=INFO msg="Deployment successful" deploymentStatus=deployed environment.name=project_my-dt-env environment.group=default coordinate.reference=project_my-dt-env:auto-tag:auto-tag-product coordinate.project=project_my-dt-env coordinate.type=auto-tag coordinate.configId=auto-tag-product gid=11
time=2025-10-30T12:05:57.945Z level=INFO msg="Deploying config" deploymentStatus=deploying environment.name=project_my-dt-env environment.group=default coordinate.reference=project_my-dt-env:anomaly-detection-metrics:4db6704e-e36d-35e5-a342-12701de64eb5 coordinate.project=project_my-dt-env coordinate.type=anomaly-detection-metrics coordinate.configId=4db6704e-e36d-35e5-a342-12701de64eb5 gid=3
time=2025-10-30T12:05:57.945Z level=INFO msg="Deployment successful" deploymentStatus=deployed environment.name=project_my-dt-env environment.group=default coordinate.reference=project_my-dt-env:anomaly-detection-metrics:4db6704e-e36d-35e5-a342-12701de64eb5 coordinate.project=project_my-dt-env coordinate.type=anomaly-detection-metrics coordinate.configId=4db6704e-e36d-35e5-a342-12701de64eb5 gid=3
time=2025-10-30T12:05:57.945Z level=INFO msg="Deploying config" deploymentStatus=deploying environment.name=project_my-dt-env environment.group=default coordinate.reference=project_my-dt-env:anomaly-detection-services:anomaly-detection-services coordinate.project=project_my-dt-env coordinate.type=anomaly-detection-services coordinate.configId=anomaly-detection-services gid=12
time=2025-10-30T12:05:57.945Z level=INFO msg="Deployment successful" deploymentStatus=deployed environment.name=project_my-dt-env environment.group=default coordinate.reference=project_my-dt-env:anomaly-detection-services:anomaly-detection-services coordinate.project=project_my-dt-env coordinate.type=anomaly-detection-services coordinate.configId=anomaly-detection-services gid=12
time=2025-10-30T12:05:57.945Z level=INFO msg="Deploying config" deploymentStatus=deploying environment.name=project_my-dt-env environment.group=default coordinate.reference=project_my-dt-env:alerting-profile:alerting-profile-devops coordinate.project=project_my-dt-env coordinate.type=alerting-profile coordinate.configId=alerting-profile-devops gid=4
time=2025-10-30T12:05:57.945Z level=INFO msg="Deployment successful" deploymentStatus=deployed environment.name=project_my-dt-env environment.group=default coordinate.reference=project_my-dt-env:alerting-profile:alerting-profile-devops coordinate.project=project_my-dt-env coordinate.type=alerting-profile coordinate.configId=alerting-profile-devops gid=4
time=2025-10-30T12:05:57.944Z level=INFO msg="Deploying config" deploymentStatus=deploying environment.name=project_my-dt-env environment.group=default coordinate.reference=project_my-dt-env:alerting-profile:alerting-profile-default-active coordinate.project=project_my-dt-env coordinate.type=alerting-profile coordinate.configId=alerting-profile-default-active gid=13
time=2025-10-30T12:05:57.945Z level=INFO msg="Deployment successful" deploymentStatus=deployed environment.name=project_my-dt-env environment.group=default coordinate.reference=project_my-dt-env:alerting-profile:alerting-profile-default-active coordinate.project=project_my-dt-env coordinate.type=alerting-profile coordinate.configId=alerting-profile-default-active gid=13
time=2025-10-30T12:05:57.945Z level=INFO msg="Deploying config" deploymentStatus=deploying environment.name=project_my-dt-env environment.group=default coordinate.reference=project_my-dt-env:management-zone:8848181883292300333 coordinate.project=project_my-dt-env coordinate.type=management-zone coordinate.configId=8848181883292300333 gid=5
time=2025-10-30T12:05:57.946Z level=INFO msg="Deployment successful" deploymentStatus=deployed environment.name=project_my-dt-env environment.group=default coordinate.reference=project_my-dt-env:management-zone:8848181883292300333 coordinate.project=project_my-dt-env coordinate.type=management-zone coordinate.configId=8848181883292300333 gid=5
time=2025-10-30T12:05:57.946Z level=INFO msg="Deploying config" deploymentStatus=deploying environment.name=project_my-dt-env environment.group=default coordinate.reference=project_my-dt-env:synthetic-monitor:HTTP_CHECK-FE4D2BA69F003104 coordinate.project=project_my-dt-env coordinate.type=synthetic-monitor coordinate.configId=HTTP_CHECK-FE4D2BA69F003104 gid=5
time=2025-10-30T12:05:57.946Z level=INFO msg="Deployment successful" deploymentStatus=deployed environment.name=project_my-dt-env environment.group=default coordinate.reference=project_my-dt-env:synthetic-monitor:HTTP_CHECK-FE4D2BA69F003104 coordinate.project=project_my-dt-env coordinate.type=synthetic-monitor coordinate.configId=HTTP_CHECK-FE4D2BA69F003104 gid=5
time=2025-10-30T12:05:57.946Z level=ERROR msg="Deployment failed for environment 'project_my-dt-env': 2 deployment errors occurred" environment.group=default environment.name=project_my-dt-env error.type=errors.DeploymentErrors error.details="2 deployment errors occurred" environment.name=project_my-dt-env environment.group=default
time=2025-10-30T12:05:57.946Z level=ERROR msg="Error: Validation failed - check logs for details: Errors encountered for 1 environment(s):\n\t\"project_my-dt-env\": 2 deployment errors occurred" error.type=*fmt.wrapError error.details="Validation failed - check logs for details: Errors encountered for 1 environment(s):\n\t\"project_my-dt-env\": 2 deployment errors occurred"
time=2025-10-30T12:05:57.946Z level=ERROR msg="error logs written to .logs/20251030-120557-errors.log" errorLogFilePath=.logs/20251030-120557-errors.log
